2022-04-27 07:51:11,654: __main__: INFO: Webdriver set up and initialized.
2022-04-27 07:51:16,402: __main__: INFO: List of image URLs created.
2022-04-27 07:51:19,082: __main__: DEBUG: "photo-1618331833071-ce81bd50d300.jpg" is now downloaded!
2022-04-27 07:51:26,760: __main__: DEBUG: "photo-1615184697985-c9bde1b07da7.jpg" is now downloaded!
2022-04-27 07:51:29,384: __main__: DEBUG: "photo-1563291074-2bf8677ac0e5.jpg" is now downloaded!
2022-04-27 07:51:29,472: __main__: DEBUG: "photo-1604871000636-074fa5117945.jpg" is now downloaded!
2022-04-27 07:51:30,525: __main__: DEBUG: "photo-1622542796254-5b9c46ab0d2f.jpg" is now downloaded!
2022-04-27 07:51:31,593: __main__: DEBUG: "photo-1564951434112-64d74cc2a2d7.jpg" is now downloaded!
2022-04-27 07:51:32,821: __main__: DEBUG: "photo-1541512416146-3cf58d6b27cc.jpg" is now downloaded!
2022-04-27 07:51:33,707: __main__: DEBUG: "photo-1578089258151-932a0c2d1a82.jpg" is now downloaded!
2022-04-27 07:51:34,282: __main__: DEBUG: "photo-1541542509806-6371b7b0a265.jpg" is now downloaded!
2022-04-27 07:51:35,948: __main__: DEBUG: "photo-1569172122301-bc5008bc09c5.jpg" is now downloaded!
2022-04-27 07:51:36,586: __main__: DEBUG: "photo-1528460033278-a6ba57020470.jpg" is now downloaded!
2022-04-27 07:51:37,785: __main__: DEBUG: "photo-1599422314077-f4dfdaa4cd09.jpg" is now downloaded!
2022-04-27 07:51:37,937: __main__: DEBUG: "photo-1602450069437-d52c62f52a71.jpg" is now downloaded!
2022-04-27 07:51:39,497: __main__: DEBUG: "photo-1605721911519-3dfeb3be25e7.jpg" is now downloaded!
2022-04-27 07:51:40,388: __main__: DEBUG: "photo-1629196911514-cfd8d628ba26.jpg" is now downloaded!
2022-04-27 07:51:41,082: __main__: DEBUG: "photo-1602464729960-f95937746b68.jpg" is now downloaded!
2022-04-27 07:51:41,259: __main__: DEBUG: "photo-1615012553971-f7251c225e01.jpg" is now downloaded!
2022-04-27 07:51:43,063: __main__: DEBUG: "photo-1629654858857-615c2c8be8a8.jpg" is now downloaded!
2022-04-27 07:51:43,513: __main__: DEBUG: "photo-1541961017774-22349e4a1262.jpg" is now downloaded!
2022-04-27 07:51:45,295: __main__: DEBUG: "photo-1629196914168-3a2652305f9f.jpg" is now downloaded!
2022-04-27 07:51:45,297: __main__: INFO: Images took 28.89 sec(s) to finish downloading by threading.
2022-04-27 07:51:47,443: __main__: INFO: Webdriver tore down
